[19-Apr-2025 23:15:03 UTC] PHP Warning:  Cannot modify header information - headers already sent by (output started at /var/www/html/wp-content/themes/my-knowledge-theme/functions.php:134) in /var/www/html/wp-includes/pluggable.php on line 1435
[19-Apr-2025 23:15:03 UTC] PHP Warning:  Cannot modify header information - headers already sent by (output started at /var/www/html/wp-content/themes/my-knowledge-theme/functions.php:134) in /var/www/html/wp-includes/pluggable.php on line 1438
[19-Apr-2025 23:15:03 UTC] PHP Warning:  Cannot modify header information - headers already sent by (output started at /var/www/html/wp-content/themes/my-knowledge-theme/functions.php:134) in /var/www/html/wp-includes/pluggable.php on line 1435
[19-Apr-2025 23:15:03 UTC] PHP Warning:  Cannot modify header information - headers already sent by (output started at /var/www/html/wp-content/themes/my-knowledge-theme/functions.php:134) in /var/www/html/wp-includes/pluggable.php on line 1438
[19-Apr-2025 23:36:18 UTC] PHP Parse error:  syntax error, unexpected token "?", expecting end of file in /var/www/html/wp-content/themes/my-knowledge-theme/functions.php on line 134
[19-Apr-2025 23:36:18 UTC] PHP Notice:  関数 _load_textdomain_just_in_time が<strong>誤って</strong>呼び出されました。<code>my-knowledge-theme (翻訳用。テーマフォルダ名と合わせるのが一般的)</code> ドメインの翻訳の読み込みが早すぎました。これは通常、プラグインまたはテーマの一部のコードが早すぎるタイミングで実行されていることを示しています。翻訳は <code>init</code> アクション以降で読み込む必要があります。 詳しくは <a href="https://developer.wordpress.org/advanced-administration/debug/debug-wordpress/">WordPress のデバッグ</a>をご覧ください。 (このメッセージはバージョン 6.7.0 で追加されました) in /var/www/html/wp-includes/functions.php on line 6114
[19-Apr-2025 23:36:18 UTC] PHP Warning:  Trying to access array offset on value of type bool in /var/www/html/wp-includes/class-wp-recovery-mode-email-service.php on line 367
[19-Apr-2025 23:36:18 UTC] PHP Warning:  Trying to access array offset on value of type bool in /var/www/html/wp-includes/class-wp-recovery-mode-email-service.php on line 368
[19-Apr-2025 23:36:18 UTC] PHP Parse error:  syntax error, unexpected token "?", expecting end of file in /var/www/html/wp-content/themes/my-knowledge-theme/functions.php on line 134
[19-Apr-2025 23:36:50 UTC] PHP Fatal error:  Uncaught Error: Undefined constant "php" in /var/www/html/wp-content/themes/my-knowledge-theme/functions.php:134
Stack trace:
#0 /var/www/html/wp-settings.php(672): include()
#1 /var/www/html/wp-config.php(143): require_once('/var/www/html/w...')
#2 /var/www/html/wp-load.php(50): require_once('/var/www/html/w...')
#3 /var/www/html/wp-admin/admin.php(34): require_once('/var/www/html/w...')
#4 /var/www/html/wp-admin/index.php(10): require_once('/var/www/html/w...')
#5 {main}
  thrown in /var/www/html/wp-content/themes/my-knowledge-theme/functions.php on line 134
[19-Apr-2025 23:36:51 UTC] PHP Fatal error:  Uncaught Error: Undefined constant "php" in /var/www/html/wp-content/themes/my-knowledge-theme/functions.php:134
Stack trace:
#0 /var/www/html/wp-settings.php(672): include()
#1 /var/www/html/wp-config.php(143): require_once('/var/www/html/w...')
#2 /var/www/html/wp-load.php(50): require_once('/var/www/html/w...')
#3 /var/www/html/wp-blog-header.php(13): require_once('/var/www/html/w...')
#4 /var/www/html/index.php(17): require('/var/www/html/w...')
#5 {main}
  thrown in /var/www/html/wp-content/themes/my-knowledge-theme/functions.php on line 134
[19-Apr-2025 23:36:52 UTC] PHP Fatal error:  Uncaught Error: Undefined constant "php" in /var/www/html/wp-content/themes/my-knowledge-theme/functions.php:134
Stack trace:
#0 /var/www/html/wp-settings.php(672): include()
#1 /var/www/html/wp-config.php(143): require_once('/var/www/html/w...')
#2 /var/www/html/wp-load.php(50): require_once('/var/www/html/w...')
#3 /var/www/html/wp-admin/admin.php(34): require_once('/var/www/html/w...')
#4 /var/www/html/wp-admin/index.php(10): require_once('/var/www/html/w...')
#5 {main}
  thrown in /var/www/html/wp-content/themes/my-knowledge-theme/functions.php on line 134
[19-Apr-2025 23:36:52 UTC] PHP Fatal error:  Uncaught Error: Undefined constant "php" in /var/www/html/wp-content/themes/my-knowledge-theme/functions.php:134
Stack trace:
#0 /var/www/html/wp-settings.php(672): include()
#1 /var/www/html/wp-config.php(143): require_once('/var/www/html/w...')
#2 /var/www/html/wp-load.php(50): require_once('/var/www/html/w...')
#3 /var/www/html/wp-blog-header.php(13): require_once('/var/www/html/w...')
#4 /var/www/html/index.php(17): require('/var/www/html/w...')
#5 {main}
  thrown in /var/www/html/wp-content/themes/my-knowledge-theme/functions.php on line 134
[19-Apr-2025 23:36:53 UTC] PHP Fatal error:  Uncaught Error: Undefined constant "php" in /var/www/html/wp-content/themes/my-knowledge-theme/functions.php:134
Stack trace:
#0 /var/www/html/wp-settings.php(672): include()
#1 /var/www/html/wp-config.php(143): require_once('/var/www/html/w...')
#2 /var/www/html/wp-load.php(50): require_once('/var/www/html/w...')
#3 /var/www/html/wp-admin/admin.php(34): require_once('/var/www/html/w...')
#4 /var/www/html/wp-admin/index.php(10): require_once('/var/www/html/w...')
#5 {main}
  thrown in /var/www/html/wp-content/themes/my-knowledge-theme/functions.php on line 134
[19-Apr-2025 23:36:53 UTC] PHP Fatal error:  Uncaught Error: Undefined constant "php" in /var/www/html/wp-content/themes/my-knowledge-theme/functions.php:134
Stack trace:
#0 /var/www/html/wp-settings.php(672): include()
#1 /var/www/html/wp-config.php(143): require_once('/var/www/html/w...')
#2 /var/www/html/wp-load.php(50): require_once('/var/www/html/w...')
#3 /var/www/html/wp-blog-header.php(13): require_once('/var/www/html/w...')
#4 /var/www/html/index.php(17): require('/var/www/html/w...')
#5 {main}
  thrown in /var/www/html/wp-content/themes/my-knowledge-theme/functions.php on line 134
[19-Apr-2025 23:36:53 UTC] PHP Fatal error:  Uncaught Error: Undefined constant "php" in /var/www/html/wp-content/themes/my-knowledge-theme/functions.php:134
Stack trace:
#0 /var/www/html/wp-settings.php(672): include()
#1 /var/www/html/wp-config.php(143): require_once('/var/www/html/w...')
#2 /var/www/html/wp-load.php(50): require_once('/var/www/html/w...')
#3 /var/www/html/wp-admin/admin.php(34): require_once('/var/www/html/w...')
#4 /var/www/html/wp-admin/index.php(10): require_once('/var/www/html/w...')
#5 {main}
  thrown in /var/www/html/wp-content/themes/my-knowledge-theme/functions.php on line 134
[19-Apr-2025 23:36:53 UTC] PHP Fatal error:  Uncaught Error: Undefined constant "php" in /var/www/html/wp-content/themes/my-knowledge-theme/functions.php:134
Stack trace:
#0 /var/www/html/wp-settings.php(672): include()
#1 /var/www/html/wp-config.php(143): require_once('/var/www/html/w...')
#2 /var/www/html/wp-load.php(50): require_once('/var/www/html/w...')
#3 /var/www/html/wp-blog-header.php(13): require_once('/var/www/html/w...')
#4 /var/www/html/index.php(17): require('/var/www/html/w...')
#5 {main}
  thrown in /var/www/html/wp-content/themes/my-knowledge-theme/functions.php on line 134
[19-Apr-2025 23:36:53 UTC] PHP Fatal error:  Uncaught Error: Undefined constant "php" in /var/www/html/wp-content/themes/my-knowledge-theme/functions.php:134
Stack trace:
#0 /var/www/html/wp-settings.php(672): include()
#1 /var/www/html/wp-config.php(143): require_once('/var/www/html/w...')
#2 /var/www/html/wp-load.php(50): require_once('/var/www/html/w...')
#3 /var/www/html/wp-admin/admin.php(34): require_once('/var/www/html/w...')
#4 /var/www/html/wp-admin/index.php(10): require_once('/var/www/html/w...')
#5 {main}
  thrown in /var/www/html/wp-content/themes/my-knowledge-theme/functions.php on line 134
[19-Apr-2025 23:36:54 UTC] PHP Fatal error:  Uncaught Error: Undefined constant "php" in /var/www/html/wp-content/themes/my-knowledge-theme/functions.php:134
Stack trace:
#0 /var/www/html/wp-settings.php(672): include()
#1 /var/www/html/wp-config.php(143): require_once('/var/www/html/w...')
#2 /var/www/html/wp-load.php(50): require_once('/var/www/html/w...')
#3 /var/www/html/wp-blog-header.php(13): require_once('/var/www/html/w...')
#4 /var/www/html/index.php(17): require('/var/www/html/w...')
#5 {main}
  thrown in /var/www/html/wp-content/themes/my-knowledge-theme/functions.php on line 134
[19-Apr-2025 23:36:55 UTC] PHP Fatal error:  Uncaught Error: Undefined constant "php" in /var/www/html/wp-content/themes/my-knowledge-theme/functions.php:134
Stack trace:
#0 /var/www/html/wp-settings.php(672): include()
#1 /var/www/html/wp-config.php(143): require_once('/var/www/html/w...')
#2 /var/www/html/wp-load.php(50): require_once('/var/www/html/w...')
#3 /var/www/html/wp-admin/admin.php(34): require_once('/var/www/html/w...')
#4 /var/www/html/wp-admin/index.php(10): require_once('/var/www/html/w...')
#5 {main}
  thrown in /var/www/html/wp-content/themes/my-knowledge-theme/functions.php on line 134
[19-Apr-2025 23:36:55 UTC] PHP Fatal error:  Uncaught Error: Undefined constant "php" in /var/www/html/wp-content/themes/my-knowledge-theme/functions.php:134
Stack trace:
#0 /var/www/html/wp-settings.php(672): include()
#1 /var/www/html/wp-config.php(143): require_once('/var/www/html/w...')
#2 /var/www/html/wp-load.php(50): require_once('/var/www/html/w...')
#3 /var/www/html/wp-blog-header.php(13): require_once('/var/www/html/w...')
#4 /var/www/html/index.php(17): require('/var/www/html/w...')
#5 {main}
  thrown in /var/www/html/wp-content/themes/my-knowledge-theme/functions.php on line 134
[19-Apr-2025 23:36:56 UTC] PHP Fatal error:  Uncaught Error: Undefined constant "php" in /var/www/html/wp-content/themes/my-knowledge-theme/functions.php:134
Stack trace:
#0 /var/www/html/wp-settings.php(672): include()
#1 /var/www/html/wp-config.php(143): require_once('/var/www/html/w...')
#2 /var/www/html/wp-load.php(50): require_once('/var/www/html/w...')
#3 /var/www/html/wp-admin/admin.php(34): require_once('/var/www/html/w...')
#4 /var/www/html/wp-admin/index.php(10): require_once('/var/www/html/w...')
#5 {main}
  thrown in /var/www/html/wp-content/themes/my-knowledge-theme/functions.php on line 134
[19-Apr-2025 23:36:56 UTC] PHP Fatal error:  Uncaught Error: Undefined constant "php" in /var/www/html/wp-content/themes/my-knowledge-theme/functions.php:134
Stack trace:
#0 /var/www/html/wp-settings.php(672): include()
#1 /var/www/html/wp-config.php(143): require_once('/var/www/html/w...')
#2 /var/www/html/wp-load.php(50): require_once('/var/www/html/w...')
#3 /var/www/html/wp-blog-header.php(13): require_once('/var/www/html/w...')
#4 /var/www/html/index.php(17): require('/var/www/html/w...')
#5 {main}
  thrown in /var/www/html/wp-content/themes/my-knowledge-theme/functions.php on line 134
[19-Apr-2025 23:36:57 UTC] PHP Fatal error:  Uncaught Error: Undefined constant "php" in /var/www/html/wp-content/themes/my-knowledge-theme/functions.php:134
Stack trace:
#0 /var/www/html/wp-settings.php(672): include()
#1 /var/www/html/wp-config.php(143): require_once('/var/www/html/w...')
#2 /var/www/html/wp-load.php(50): require_once('/var/www/html/w...')
#3 /var/www/html/wp-admin/admin.php(34): require_once('/var/www/html/w...')
#4 /var/www/html/wp-admin/index.php(10): require_once('/var/www/html/w...')
#5 {main}
  thrown in /var/www/html/wp-content/themes/my-knowledge-theme/functions.php on line 134
[19-Apr-2025 23:36:57 UTC] PHP Fatal error:  Uncaught Error: Undefined constant "php" in /var/www/html/wp-content/themes/my-knowledge-theme/functions.php:134
Stack trace:
#0 /var/www/html/wp-settings.php(672): include()
#1 /var/www/html/wp-config.php(143): require_once('/var/www/html/w...')
#2 /var/www/html/wp-load.php(50): require_once('/var/www/html/w...')
#3 /var/www/html/wp-blog-header.php(13): require_once('/var/www/html/w...')
#4 /var/www/html/index.php(17): require('/var/www/html/w...')
#5 {main}
  thrown in /var/www/html/wp-content/themes/my-knowledge-theme/functions.php on line 134
[20-Apr-2025 04:04:22 UTC] PHP Deprecated:  ファイル comments.php のないテーマ は、バージョン 3.0.0 から<strong>非推奨</strong>になり、代替手段がなくなりました。 comments.php テンプレートをテーマに含めてください。 in /var/www/html/wp-includes/functions.php on line 6114
[23-Apr-2025 17:54:39 UTC] PHP Notice:  関数 map_meta_cap が<strong>誤って</strong>呼び出されました。<code>knowledge_card</code> の投稿タイプは登録されていないので、そのタイプの投稿に対して <code>edit_post</code> の権限を確認できないかもしれません。 詳しくは <a href="https://developer.wordpress.org/advanced-administration/debug/debug-wordpress/">WordPress のデバッグ</a>をご覧ください。 (このメッセージはバージョン 4.4.0 で追加されました) in /var/www/html/wp-includes/functions.php on line 6114
[23-Apr-2025 17:54:40 UTC] PHP Notice:  関数 map_meta_cap が<strong>誤って</strong>呼び出されました。<code>knowledge_card</code> の投稿タイプは登録されていないので、そのタイプの投稿に対して <code>edit_post</code> の権限を確認できないかもしれません。 詳しくは <a href="https://developer.wordpress.org/advanced-administration/debug/debug-wordpress/">WordPress のデバッグ</a>をご覧ください。 (このメッセージはバージョン 4.4.0 で追加されました) in /var/www/html/wp-includes/functions.php on line 6114
[23-Apr-2025 18:12:24 UTC] PHP Parse error:  syntax error, unexpected token ":" in /var/www/html/wp-content/themes/my-knowledge-theme/functions.php on line 9
[23-Apr-2025 18:12:24 UTC] PHP Parse error:  syntax error, unexpected token ":" in /var/www/html/wp-content/themes/my-knowledge-theme/functions.php on line 9
[23-Apr-2025 18:12:24 UTC] PHP Parse error:  syntax error, unexpected token ":" in /var/www/html/wp-content/themes/my-knowledge-theme/functions.php on line 9
[23-Apr-2025 18:12:24 UTC] PHP Parse error:  syntax error, unexpected token ":" in /var/www/html/wp-content/themes/my-knowledge-theme/functions.php on line 9
[23-Apr-2025 18:51:13 UTC] PHP Parse error:  syntax error, unexpected token "<" in /var/www/html/wp-content/themes/my-knowledge-theme/taxonomy-field.php on line 26
[23-Apr-2025 18:51:23 UTC] PHP Parse error:  syntax error, unexpected token "<" in /var/www/html/wp-content/themes/my-knowledge-theme/taxonomy-field.php on line 26
[23-Apr-2025 19:22:38 UTC] PHP Parse error:  syntax error, unexpected identifier " " in /var/www/html/wp-content/themes/my-knowledge-theme/single-knowledge_card.php on line 7
[23-Apr-2025 19:22:39 UTC] PHP Parse error:  syntax error, unexpected identifier " " in /var/www/html/wp-content/themes/my-knowledge-theme/single-knowledge_card.php on line 7
[23-Apr-2025 19:22:51 UTC] PHP Parse error:  syntax error, unexpected identifier " " in /var/www/html/wp-content/themes/my-knowledge-theme/single-knowledge_card.php on line 7
[23-Apr-2025 21:10:37 UTC] PHP Deprecated:  ファイル comments.php のないテーマ は、バージョン 3.0.0 から<strong>非推奨</strong>になり、代替手段がなくなりました。 comments.php テンプレートをテーマに含めてください。 in /var/www/html/wp-includes/functions.php on line 6114
